INFO  [2018-02-23 10:31:43,366] org.eclipse.jetty.util.log: Logging initialized @6636ms to org.eclipse.jetty.util.log.Slf4jLog
INFO  [2018-02-23 10:31:43,557] io.dropwizard.server.DefaultServerFactory: Registering jersey handler with root path prefix: /
INFO  [2018-02-23 10:31:43,560] io.dropwizard.server.DefaultServerFactory: Registering admin handler with root path prefix: /
INFO  [2018-02-23 10:31:43,562] io.dropwizard.assets.AssetsBundle: Registering AssetBundle with name: assets for path /assets/*
INFO  [2018-02-23 10:31:43,676] io.dropwizard.hibernate.SessionFactoryFactory: Entity classes: [com.example.helloworld.core.Person]
INFO  [2018-02-23 10:31:43,759] org.hibernate.dialect.Dialect: HHH000400: Using dialect: org.hibernate.dialect.H2Dialect
INFO  [2018-02-23 10:31:43,775] org.hibernate.type.BasicTypeRegistry: HHH000270: Type registration [java.util.Currency] overrides previous : org.hibernate.type.CurrencyType@7db47323
INFO  [2018-02-23 10:31:43,775] org.hibernate.type.BasicTypeRegistry: HHH000270: Type registration [java.time.Duration] overrides previous : org.hibernate.type.DurationType@5464b97c
INFO  [2018-02-23 10:31:43,775] org.hibernate.type.BasicTypeRegistry: HHH000270: Type registration [java.time.Instant] overrides previous : org.hibernate.type.InstantType@75452aea
INFO  [2018-02-23 10:31:43,775] org.hibernate.type.BasicTypeRegistry: HHH000270: Type registration [java.time.LocalDate] overrides previous : org.hibernate.type.LocalDateType@150f41b9
INFO  [2018-02-23 10:31:43,775] org.hibernate.type.BasicTypeRegistry: HHH000270: Type registration [java.time.LocalDateTime] overrides previous : org.hibernate.type.LocalDateTimeType@2a667f44
INFO  [2018-02-23 10:31:43,775] org.hibernate.type.BasicTypeRegistry: HHH000270: Type registration [java.time.LocalTime] overrides previous : org.hibernate.type.LocalTimeType@18d610e1
INFO  [2018-02-23 10:31:43,775] org.hibernate.type.BasicTypeRegistry: HHH000270: Type registration [java.time.OffsetDateTime] overrides previous : org.hibernate.type.OffsetDateTimeType@6068ebb2
INFO  [2018-02-23 10:31:43,776] org.hibernate.type.BasicTypeRegistry: HHH000270: Type registration [java.time.OffsetTime] overrides previous : org.hibernate.type.OffsetTimeType@503556cb
INFO  [2018-02-23 10:31:43,776] org.hibernate.type.BasicTypeRegistry: HHH000270: Type registration [java.time.ZonedDateTime] overrides previous : org.hibernate.type.ZonedDateTimeType@4cb4c4cc
INFO  [2018-02-23 10:31:43,781] org.hibernate.hql.internal.QueryTranslatorFactoryInitiator: HHH000397: Using ASTQueryTranslatorFactory
INFO  [2018-02-23 10:31:43,827] io.dropwizard.server.ServerFactory: Starting hello-world
                           web-scale hello world dP for the web
                                                 88
  .d8888b. dP.  .dP .d8888b. 88d8b.d8b. 88d888b. 88 .d8888b.
  88ooood8  `8bd8'  88'  `88 88'`88'`88 88'  `88 88 88ooood8
  88.  ...  .d88b.  88.  .88 88  88  88 88.  .88 88 88.  ...
  `88888P' dP'  `dP `88888P8 dP  dP  dP 88Y888P' dP `88888P'
                                        88
                                        dP

INFO  [2018-02-23 10:31:43,965] org.eclipse.jetty.setuid.SetUIDListener: Opened application@2b2c5a2c{HTTP/1.1,[http/1.1]}{0.0.0.0:46373}
INFO  [2018-02-23 10:31:43,965] org.eclipse.jetty.setuid.SetUIDListener: Opened admin@41a92311{HTTP/1.1,[http/1.1]}{0.0.0.0:46374}
INFO  [2018-02-23 10:31:43,971] org.eclipse.jetty.server.Server: jetty-9.4.8.v20171121, build timestamp: 2017-11-21T21:27:37Z, git hash: 82b8fb23f757335bb3329d540ce37a2a2615f0a8
INFO  [2018-02-23 10:31:44,892] io.dropwizard.jersey.DropwizardResourceConfig: The following paths were found for the configured resources:

    GET     /filtered/hello (com.example.helloworld.resources.FilteredResource)
    GET     /hello-world (com.example.helloworld.resources.HelloWorldResource)
    POST    /hello-world (com.example.helloworld.resources.HelloWorldResource)
    GET     /hello-world/date (com.example.helloworld.resources.HelloWorldResource)
    GET     /people (com.example.helloworld.resources.PeopleResource)
    POST    /people (com.example.helloworld.resources.PeopleResource)
    GET     /people/{personId} (com.example.helloworld.resources.PersonResource)
    GET     /people/{personId}/view_freemarker (com.example.helloworld.resources.PersonResource)
    GET     /people/{personId}/view_mustache (com.example.helloworld.resources.PersonResource)
    GET     /protected (com.example.helloworld.resources.ProtectedResource)
    GET     /protected/admin (com.example.helloworld.resources.ProtectedResource)
    GET     /views/iso88591.ftl (com.example.helloworld.resources.ViewResource)
    GET     /views/iso88591.mustache (com.example.helloworld.resources.ViewResource)
    GET     /views/utf8.ftl (com.example.helloworld.resources.ViewResource)
    GET     /views/utf8.mustache (com.example.helloworld.resources.ViewResource)

WARN  [2018-02-23 10:31:44,895] org.glassfish.jersey.internal.Errors: The following warnings have been detected: WARNING: Parameter authFilterClass of type java.lang.Class<? extends javax.ws.rs.container.ContainerRequestFilter> from private final java.lang.Class<? extends javax.ws.rs.container.ContainerRequestFilter> io.dropwizard.auth.AuthDynamicFeature.authFilterClass is not resolvable to a concrete type.
WARNING: Parameter authFilterClass of type java.lang.Class<? extends javax.ws.rs.container.ContainerRequestFilter> from private final java.lang.Class<? extends javax.ws.rs.container.ContainerRequestFilter> io.dropwizard.auth.AuthDynamicFeature.authFilterClass is not resolvable to a concrete type.

INFO  [2018-02-23 10:31:44,896] org.eclipse.jetty.server.handler.ContextHandler: Started i.d.j.MutableServletContextHandler@261b7b2{/,null,AVAILABLE}
INFO  [2018-02-23 10:31:44,900] io.dropwizard.setup.AdminEnvironment: tasks = 

    POST    /tasks/echo (com.example.helloworld.tasks.EchoTask)
    POST    /tasks/log-level (io.dropwizard.servlets.tasks.LogConfigurationTask)
    POST    /tasks/gc (io.dropwizard.servlets.tasks.GarbageCollectionTask)

INFO  [2018-02-23 10:31:44,914] org.eclipse.jetty.server.handler.ContextHandler: Started i.d.j.MutableServletContextHandler@779a14f7{/,null,AVAILABLE}
INFO  [2018-02-23 10:31:44,938] org.eclipse.jetty.server.AbstractConnector: Started application@2b2c5a2c{HTTP/1.1,[http/1.1]}{0.0.0.0:46373}
INFO  [2018-02-23 10:31:44,941] org.eclipse.jetty.server.AbstractConnector: Started admin@41a92311{HTTP/1.1,[http/1.1]}{0.0.0.0:46374}
INFO  [2018-02-23 10:31:44,941] org.eclipse.jetty.server.Server: Started @8212ms
INFO  [2018-02-23 10:31:45,940] liquibase: Successfully acquired change log lock
INFO  [2018-02-23 10:31:46,753] liquibase: Creating database history table with name: PUBLIC.DATABASECHANGELOG
INFO  [2018-02-23 10:31:46,756] liquibase: Reading from PUBLIC.DATABASECHANGELOG
INFO  [2018-02-23 10:31:46,779] liquibase: migrations.xml: migrations.xml::1::codahale: Table people created
INFO  [2018-02-23 10:31:46,779] liquibase: migrations.xml: migrations.xml::1::codahale: ChangeSet migrations.xml::1::codahale ran successfully in 5ms
INFO  [2018-02-23 10:31:46,791] liquibase: Successfully released change log lock
INFO  [2018-02-23 10:31:47,233] org.hibernate.engine.internal.StatisticalLoggingSessionEventListener: Session Metrics {
    101905 nanoseconds spent acquiring 2 JDBC connections;
    53152 nanoseconds spent releasing 2 JDBC connections;
    7929080 nanoseconds spent preparing 1 JDBC statements;
    703431 nanoseconds spent executing 1 JDBC statements;
    0 nanoseconds spent executing 0 JDBC batches;
    0 nanoseconds spent performing 0 L2C puts;
    0 nanoseconds spent performing 0 L2C hits;
    0 nanoseconds spent performing 0 L2C misses;
    160554 nanoseconds spent executing 1 flushes (flushing a total of 1 entities and 0 collections);
    0 nanoseconds spent executing 0 partial-flushes (flushing a total of 0 entities and 0 collections)
}
INFO  [2018-02-23 10:31:47,277] org.eclipse.jetty.server.AbstractConnector: Stopped application@2b2c5a2c{HTTP/1.1,[http/1.1]}{0.0.0.0:0}
INFO  [2018-02-23 10:31:47,279] org.eclipse.jetty.server.AbstractConnector: Stopped admin@41a92311{HTTP/1.1,[http/1.1]}{0.0.0.0:0}
INFO  [2018-02-23 10:31:47,281] org.eclipse.jetty.server.handler.ContextHandler: Stopped i.d.j.MutableServletContextHandler@779a14f7{/,null,UNAVAILABLE}
INFO  [2018-02-23 10:31:47,286] org.eclipse.jetty.server.handler.ContextHandler: Stopped i.d.j.MutableServletContextHandler@261b7b2{/,null,UNAVAILABLE}
INFO  [2018-02-23 10:32:24,057] org.eclipse.jetty.util.log: Logging initialized @6310ms to org.eclipse.jetty.util.log.Slf4jLog
INFO  [2018-02-23 10:32:24,261] io.dropwizard.server.DefaultServerFactory: Registering jersey handler with root path prefix: /
INFO  [2018-02-23 10:32:24,266] io.dropwizard.server.DefaultServerFactory: Registering admin handler with root path prefix: /
INFO  [2018-02-23 10:32:24,269] io.dropwizard.assets.AssetsBundle: Registering AssetBundle with name: assets for path /assets/*
INFO  [2018-02-23 10:32:24,345] io.dropwizard.hibernate.SessionFactoryFactory: Entity classes: [com.example.helloworld.core.Person]
INFO  [2018-02-23 10:32:24,422] org.hibernate.dialect.Dialect: HHH000400: Using dialect: org.hibernate.dialect.H2Dialect
INFO  [2018-02-23 10:32:24,440] org.hibernate.type.BasicTypeRegistry: HHH000270: Type registration [java.util.Currency] overrides previous : org.hibernate.type.CurrencyType@7db47323
INFO  [2018-02-23 10:32:24,440] org.hibernate.type.BasicTypeRegistry: HHH000270: Type registration [java.time.Duration] overrides previous : org.hibernate.type.DurationType@5464b97c
INFO  [2018-02-23 10:32:24,440] org.hibernate.type.BasicTypeRegistry: HHH000270: Type registration [java.time.Instant] overrides previous : org.hibernate.type.InstantType@75452aea
INFO  [2018-02-23 10:32:24,441] org.hibernate.type.BasicTypeRegistry: HHH000270: Type registration [java.time.LocalDate] overrides previous : org.hibernate.type.LocalDateType@150f41b9
INFO  [2018-02-23 10:32:24,441] org.hibernate.type.BasicTypeRegistry: HHH000270: Type registration [java.time.LocalDateTime] overrides previous : org.hibernate.type.LocalDateTimeType@2a667f44
INFO  [2018-02-23 10:32:24,441] org.hibernate.type.BasicTypeRegistry: HHH000270: Type registration [java.time.LocalTime] overrides previous : org.hibernate.type.LocalTimeType@18d610e1
INFO  [2018-02-23 10:32:24,441] org.hibernate.type.BasicTypeRegistry: HHH000270: Type registration [java.time.OffsetDateTime] overrides previous : org.hibernate.type.OffsetDateTimeType@6068ebb2
INFO  [2018-02-23 10:32:24,441] org.hibernate.type.BasicTypeRegistry: HHH000270: Type registration [java.time.OffsetTime] overrides previous : org.hibernate.type.OffsetTimeType@503556cb
INFO  [2018-02-23 10:32:24,441] org.hibernate.type.BasicTypeRegistry: HHH000270: Type registration [java.time.ZonedDateTime] overrides previous : org.hibernate.type.ZonedDateTimeType@4cb4c4cc
INFO  [2018-02-23 10:32:24,448] org.hibernate.hql.internal.QueryTranslatorFactoryInitiator: HHH000397: Using ASTQueryTranslatorFactory
INFO  [2018-02-23 10:32:24,493] io.dropwizard.server.ServerFactory: Starting hello-world
                           web-scale hello world dP for the web
                                                 88
  .d8888b. dP.  .dP .d8888b. 88d8b.d8b. 88d888b. 88 .d8888b.
  88ooood8  `8bd8'  88'  `88 88'`88'`88 88'  `88 88 88ooood8
  88.  ...  .d88b.  88.  .88 88  88  88 88.  .88 88 88.  ...
  `88888P' dP'  `dP `88888P8 dP  dP  dP 88Y888P' dP `88888P'
                                        88
                                        dP

INFO  [2018-02-23 10:32:24,637] org.eclipse.jetty.setuid.SetUIDListener: Opened application@343a999d{HTTP/1.1,[http/1.1]}{0.0.0.0:46459}
INFO  [2018-02-23 10:32:24,637] org.eclipse.jetty.setuid.SetUIDListener: Opened admin@45ca4a95{HTTP/1.1,[http/1.1]}{0.0.0.0:46460}
INFO  [2018-02-23 10:32:24,640] org.eclipse.jetty.server.Server: jetty-9.4.8.v20171121, build timestamp: 2017-11-21T21:27:37Z, git hash: 82b8fb23f757335bb3329d540ce37a2a2615f0a8
INFO  [2018-02-23 10:32:25,534] io.dropwizard.jersey.DropwizardResourceConfig: The following paths were found for the configured resources:

    GET     /filtered/hello (com.example.helloworld.resources.FilteredResource)
    GET     /hello-world (com.example.helloworld.resources.HelloWorldResource)
    POST    /hello-world (com.example.helloworld.resources.HelloWorldResource)
    GET     /hello-world/date (com.example.helloworld.resources.HelloWorldResource)
    GET     /people (com.example.helloworld.resources.PeopleResource)
    POST    /people (com.example.helloworld.resources.PeopleResource)
    GET     /people/{personId} (com.example.helloworld.resources.PersonResource)
    GET     /people/{personId}/view_freemarker (com.example.helloworld.resources.PersonResource)
    GET     /people/{personId}/view_mustache (com.example.helloworld.resources.PersonResource)
    GET     /protected (com.example.helloworld.resources.ProtectedResource)
    GET     /protected/admin (com.example.helloworld.resources.ProtectedResource)
    GET     /views/iso88591.ftl (com.example.helloworld.resources.ViewResource)
    GET     /views/iso88591.mustache (com.example.helloworld.resources.ViewResource)
    GET     /views/utf8.ftl (com.example.helloworld.resources.ViewResource)
    GET     /views/utf8.mustache (com.example.helloworld.resources.ViewResource)

WARN  [2018-02-23 10:32:25,541] org.glassfish.jersey.internal.Errors: The following warnings have been detected: WARNING: Parameter authFilterClass of type java.lang.Class<? extends javax.ws.rs.container.ContainerRequestFilter> from private final java.lang.Class<? extends javax.ws.rs.container.ContainerRequestFilter> io.dropwizard.auth.AuthDynamicFeature.authFilterClass is not resolvable to a concrete type.
WARNING: Parameter authFilterClass of type java.lang.Class<? extends javax.ws.rs.container.ContainerRequestFilter> from private final java.lang.Class<? extends javax.ws.rs.container.ContainerRequestFilter> io.dropwizard.auth.AuthDynamicFeature.authFilterClass is not resolvable to a concrete type.

INFO  [2018-02-23 10:32:25,542] org.eclipse.jetty.server.handler.ContextHandler: Started i.d.j.MutableServletContextHandler@2087def1{/,null,AVAILABLE}
INFO  [2018-02-23 10:32:25,547] io.dropwizard.setup.AdminEnvironment: tasks = 

    POST    /tasks/echo (com.example.helloworld.tasks.EchoTask)
    POST    /tasks/log-level (io.dropwizard.servlets.tasks.LogConfigurationTask)
    POST    /tasks/gc (io.dropwizard.servlets.tasks.GarbageCollectionTask)

INFO  [2018-02-23 10:32:25,562] org.eclipse.jetty.server.handler.ContextHandler: Started i.d.j.MutableServletContextHandler@10015d80{/,null,AVAILABLE}
INFO  [2018-02-23 10:32:25,583] org.eclipse.jetty.server.AbstractConnector: Started application@343a999d{HTTP/1.1,[http/1.1]}{0.0.0.0:46459}
INFO  [2018-02-23 10:32:25,585] org.eclipse.jetty.server.AbstractConnector: Started admin@45ca4a95{HTTP/1.1,[http/1.1]}{0.0.0.0:46460}
INFO  [2018-02-23 10:32:25,585] org.eclipse.jetty.server.Server: Started @7839ms
INFO  [2018-02-23 10:32:26,458] liquibase: Successfully acquired change log lock
INFO  [2018-02-23 10:32:27,112] liquibase: Creating database history table with name: PUBLIC.DATABASECHANGELOG
INFO  [2018-02-23 10:32:27,115] liquibase: Reading from PUBLIC.DATABASECHANGELOG
INFO  [2018-02-23 10:32:27,126] liquibase: migrations.xml: migrations.xml::1::codahale: Table people created
INFO  [2018-02-23 10:32:27,127] liquibase: migrations.xml: migrations.xml::1::codahale: ChangeSet migrations.xml::1::codahale ran successfully in 3ms
INFO  [2018-02-23 10:32:27,136] liquibase: Successfully released change log lock
INFO  [2018-02-23 10:32:27,503] org.hibernate.engine.internal.StatisticalLoggingSessionEventListener: Session Metrics {
    105202 nanoseconds spent acquiring 2 JDBC connections;
    57917 nanoseconds spent releasing 2 JDBC connections;
    9162192 nanoseconds spent preparing 1 JDBC statements;
    1103715 nanoseconds spent executing 1 JDBC statements;
    0 nanoseconds spent executing 0 JDBC batches;
    0 nanoseconds spent performing 0 L2C puts;
    0 nanoseconds spent performing 0 L2C hits;
    0 nanoseconds spent performing 0 L2C misses;
    207840 nanoseconds spent executing 1 flushes (flushing a total of 1 entities and 0 collections);
    0 nanoseconds spent executing 0 partial-flushes (flushing a total of 0 entities and 0 collections)
}
INFO  [2018-02-23 10:32:27,542] org.eclipse.jetty.server.AbstractConnector: Stopped application@343a999d{HTTP/1.1,[http/1.1]}{0.0.0.0:0}
INFO  [2018-02-23 10:32:27,543] org.eclipse.jetty.server.AbstractConnector: Stopped admin@45ca4a95{HTTP/1.1,[http/1.1]}{0.0.0.0:0}
INFO  [2018-02-23 10:32:27,545] org.eclipse.jetty.server.handler.ContextHandler: Stopped i.d.j.MutableServletContextHandler@10015d80{/,null,UNAVAILABLE}
INFO  [2018-02-23 10:32:27,549] org.eclipse.jetty.server.handler.ContextHandler: Stopped i.d.j.MutableServletContextHandler@2087def1{/,null,UNAVAILABLE}
